# JRE version: Java(TM) SE Runtime Environment (8.0_66-b17) (build 1.8.0_66-b17)
# Java VM: Java HotSpot(TM) Client VM (25.66-b17 mixed mode windows-x86 )
Heap:
 def new generation   total 188864K, used 62819K [0x10400000, 0x1d0e0000, 0x25950000)
  eden space 167936K,  29% used [0x10400000, 0x13433c80, 0x1a800000)
  from space 20928K,  64% used [0x1a800000, 0x1b525228, 0x1bc70000)
  to   space 20928K,   0% used [0x1bc70000, 0x1bc70000, 0x1d0e0000)
 tenured generation   total 419500K, used 384663K [0x25950000, 0x3f2fb000, 0x50400000)
   the space 419500K,  91% used [0x25950000, 0x3d0f5cb8, 0x3d0f5e00, 0x3f2fb000)
 Metaspace       used 29561K, capacity 31209K, committed 31360K, reserved 32128K
GC Heap History (10 events):
Event: 76.903 GC heap before
{Heap before GC invocations=55 (full 4):
 def new generation   total 59328K, used 59328K [0x10400000, 0x14450000, 0x25950000)
  eden space 52800K, 100% used [0x10400000, 0x13790000, 0x13790000)
  from space 6528K, 100% used [0x13790000, 0x13df0000, 0x13df0000)
  to   space 6528K,   0% used [0x13df0000, 0x13df0000, 0x14450000)
 tenured generation   total 419500K, used 399005K [0x25950000, 0x3f2fb000, 0x50400000)
   the space 419500K,  95% used [0x25950000, 0x3def77c0, 0x3def7800, 0x3f2fb000)
 Metaspace       used 29509K, capacity 31175K, committed 31360K, reserved 32128K
Event: 76.926 GC heap after
Heap after GC invocations=56 (full 4):
 def new generation   total 59328K, used 1480K [0x10400000, 0x14450000, 0x25950000)
  eden space 52800K,   0% used [0x10400000, 0x10400000, 0x13790000)
  from space 6528K,  22% used [0x13df0000, 0x13f62340, 0x14450000)
  to   space 6528K,   0% used [0x13790000, 0x13790000, 0x13df0000)
 tenured generation   total 419500K, used 405081K [0x25950000, 0x3f2fb000, 0x50400000)
   the space 419500K,  96% used [0x25950000, 0x3e4e6788, 0x3e4e6800, 0x3f2fb000)
 Metaspace       used 29509K, capacity 31175K, committed 31360K, reserved 32128K
}
Event: 79.472 GC heap before
{Heap before GC invocations=56 (full 4):
 def new generation   total 59328K, used 42423K [0x10400000, 0x14450000, 0x25950000)
  eden space 52800K,  77% used [0x10400000, 0x12bfb8e0, 0x13790000)
  from space 6528K,  22% used [0x13df0000, 0x13f62340, 0x14450000)
  to   space 6528K,   0% used [0x13790000, 0x13790000, 0x13df0000)
 tenured generation   total 419500K, used 405081K [0x25950000, 0x3f2fb000, 0x50400000)
   the space 419500K,  96% used [0x25950000, 0x3e4e6788, 0x3e4e6800, 0x3f2fb000)
 Metaspace       used 29509K, capacity 31175K, committed 31360K, reserved 32128K
Event: 79.481 GC heap after
Heap after GC invocations=57 (full 4):
 def new generation   total 59328K, used 1729K [0x10400000, 0x14450000, 0x25950000)
  eden space 52800K,   0% used [0x10400000, 0x10400000, 0x13790000)
  from space 6528K,  26% used [0x13790000, 0x13940460, 0x13df0000)
  to   space 6528K,   0% used [0x13df0000, 0x13df0000, 0x14450000)
 tenured generation   total 419500K, used 405081K [0x25950000, 0x3f2fb000, 0x50400000)
   the space 419500K,  96% used [0x25950000, 0x3e4e6788, 0x3e4e6800, 0x3f2fb000)
 Metaspace       used 29509K, capacity 31175K, committed 31360K, reserved 32128K
}
Event: 80.093 GC heap before
{Heap before GC invocations=57 (full 4):
 def new generation   total 59328K, used 24110K [0x10400000, 0x14450000, 0x25950000)
  eden space 52800K,  42% used [0x10400000, 0x119db438, 0x13790000)
  from space 6528K,  26% used [0x13790000, 0x13940460, 0x13df0000)
  to   space 6528K,   0% used [0x13df0000, 0x13df0000, 0x14450000)
 tenured generation   total 419500K, used 405081K [0x25950000, 0x3f2fb000, 0x50400000)
   the space 419500K,  96% used [0x25950000, 0x3e4e6788, 0x3e4e6800, 0x3f2fb000)
 Metaspace       used 29509K, capacity 31175K, committed 31360K, reserved 32128K
Event: 80.332 GC heap after
Heap after GC invocations=58 (full 5):
 def new generation   total 188864K, used 0K [0x10400000, 0x1d0e0000, 0x25950000)
  eden space 167936K,   0% used [0x10400000, 0x10400000, 0x1a800000)
  from space 20928K,   0% used [0x1a800000, 0x1a800000, 0x1bc70000)
  to   space 20928K,   0% used [0x1bc70000, 0x1bc70000, 0x1d0e0000)
 tenured generation   total 419500K, used 96792K [0x25950000, 0x3f2fb000, 0x50400000)
   the space 419500K,  23% used [0x25950000, 0x2b7d6228, 0x2b7d6400, 0x3f2fb000)
 Metaspace       used 29509K, capacity 31175K, committed 31360K, reserved 32128K
}
Event: 107.488 GC heap before
{Heap before GC invocations=58 (full 5):
 def new generation   total 188864K, used 167936K [0x10400000, 0x1d0e0000, 0x25950000)
  eden space 167936K, 100% used [0x10400000, 0x1a800000, 0x1a800000)
  from space 20928K,   0% used [0x1a800000, 0x1a800000, 0x1bc70000)
  to   space 20928K,   0% used [0x1bc70000, 0x1bc70000, 0x1d0e0000)
 tenured generation   total 419500K, used 384663K [0x25950000, 0x3f2fb000, 0x50400000)
   the space 419500K,  91% used [0x25950000, 0x3d0f5cb8, 0x3d0f5e00, 0x3f2fb000)
 Metaspace       used 29561K, capacity 31209K, committed 31360K, reserved 32128K
Event: 107.502 GC heap after
Heap after GC invocations=59 (full 5):
 def new generation   total 188864K, used 3853K [0x10400000, 0x1d0e0000, 0x25950000)
  eden space 167936K,   0% used [0x10400000, 0x10400000, 0x1a800000)
  from space 20928K,  18% used [0x1bc70000, 0x1c033548, 0x1d0e0000)
  to   space 20928K,   0% used [0x1a800000, 0x1a800000, 0x1bc70000)
 tenured generation   total 419500K, used 384663K [0x25950000, 0x3f2fb000, 0x50400000)
   the space 419500K,  91% used [0x25950000, 0x3d0f5cb8, 0x3d0f5e00, 0x3f2fb000)
 Metaspace       used 29561K, capacity 31209K, committed 31360K, reserved 32128K
}
Event: 109.125 GC heap before
{Heap before GC invocations=59 (full 5):
 def new generation   total 188864K, used 171789K [0x10400000, 0x1d0e0000, 0x25950000)
  eden space 167936K, 100% used [0x10400000, 0x1a800000, 0x1a800000)
  from space 20928K,  18% used [0x1bc70000, 0x1c033548, 0x1d0e0000)
  to   space 20928K,   0% used [0x1a800000, 0x1a800000, 0x1bc70000)
 tenured generation   total 419500K, used 384663K [0x25950000, 0x3f2fb000, 0x50400000)
   the space 419500K,  91% used [0x25950000, 0x3d0f5cb8, 0x3d0f5e00, 0x3f2fb000)
 Metaspace       used 29561K, capacity 31209K, committed 31360K, reserved 32128K
Event: 109.175 GC heap after
Heap after GC invocations=60 (full 5):
 def new generation   total 188864K, used 13460K [0x10400000, 0x1d0e0000, 0x25950000)
  eden space 167936K,   0% used [0x10400000, 0x10400000, 0x1a800000)
  from space 20928K,  64% used [0x1a800000, 0x1b525228, 0x1bc70000)
  to   space 20928K,   0% used [0x1bc70000, 0x1bc70000, 0x1d0e0000)
 tenured generation   total 419500K, used 384663K [0x25950000, 0x3f2fb000, 0x50400000)
   the space 419500K,  91% used [0x25950000, 0x3d0f5cb8, 0x3d0f5e00, 0x3f2fb000)
 Metaspace       used 29561K, capacity 31209K, committed 31360K, reserved 32128K
}

